<?xml version="1.0" encoding="UTF-8"?>
<testsuite xmlns:xsi="http://www.w3.org/2001/XMLSchema-instance" xsi:noNamespaceSchemaLocation="https://maven.apache.org/surefire/maven-surefire-plugin/xsd/surefire-test-report-3.0.xsd" version="3.0" name="TestSuite" time="62.359" tests="1" errors="0" skipped="0" failures="0">
  <properties>
    <property name="sun.desktop" value="gnome"/>
    <property name="awt.toolkit" value="sun.awt.X11.XToolkit"/>
    <property name="file.encoding.pkg" value="sun.io"/>
    <property name="java.specification.version" value="1.8"/>
    <property name="sun.cpu.isalist" value=""/>
    <property name="sun.jnu.encoding" value="UTF-8"/>
    <property name="java.class.path" value="/home/spavlovic/AppiumProjects/youtubeautomation/target/test-classes:/home/spavlovic/AppiumProjects/youtubeautomation/target/classes:/home/spavlovic/.m2/repository/org/testng/testng/7.0.0-beta3/testng-7.0.0-beta3.jar:/home/spavlovic/.m2/repository/com/beust/jcommander/1.72/jcommander-1.72.jar:/home/spavlovic/.m2/repository/io/appium/java-client/7.0.0/java-client-7.0.0.jar:/home/spavlovic/.m2/repository/org/seleniumhq/selenium/selenium-support/3.141.59/selenium-support-3.141.59.jar:/home/spavlovic/.m2/repository/org/seleniumhq/selenium/selenium-api/3.141.59/selenium-api-3.141.59.jar:/home/spavlovic/.m2/repository/com/google/code/gson/gson/2.8.5/gson-2.8.5.jar:/home/spavlovic/.m2/repository/org/apache/httpcomponents/httpclient/4.5.6/httpclient-4.5.6.jar:/home/spavlovic/.m2/repository/org/apache/httpcomponents/httpcore/4.4.10/httpcore-4.4.10.jar:/home/spavlovic/.m2/repository/commons-logging/commons-logging/1.2/commons-logging-1.2.jar:/home/spavlovic/.m2/repository/commons-codec/commons-codec/1.10/commons-codec-1.10.jar:/home/spavlovic/.m2/repository/cglib/cglib/3.2.8/cglib-3.2.8.jar:/home/spavlovic/.m2/repository/org/ow2/asm/asm/6.2.1/asm-6.2.1.jar:/home/spavlovic/.m2/repository/org/apache/ant/ant/1.10.3/ant-1.10.3.jar:/home/spavlovic/.m2/repository/org/apache/ant/ant-launcher/1.10.3/ant-launcher-1.10.3.jar:/home/spavlovic/.m2/repository/commons-validator/commons-validator/1.6/commons-validator-1.6.jar:/home/spavlovic/.m2/repository/commons-beanutils/commons-beanutils/1.9.2/commons-beanutils-1.9.2.jar:/home/spavlovic/.m2/repository/commons-digester/commons-digester/1.8.1/commons-digester-1.8.1.jar:/home/spavlovic/.m2/repository/commons-collections/commons-collections/3.2.2/commons-collections-3.2.2.jar:/home/spavlovic/.m2/repository/org/apache/commons/commons-lang3/3.8/commons-lang3-3.8.jar:/home/spavlovic/.m2/repository/commons-io/commons-io/2.6/commons-io-2.6.jar:/home/spavlovic/.m2/repository/org/springframework/spring-context/5.1.0.RELEASE/spring-context-5.1.0.RELEASE.jar:/home/spavlovic/.m2/repository/org/springframework/spring-aop/5.1.0.RELEASE/spring-aop-5.1.0.RELEASE.jar:/home/spavlovic/.m2/repository/org/springframework/spring-beans/5.1.0.RELEASE/spring-beans-5.1.0.RELEASE.jar:/home/spavlovic/.m2/repository/org/springframework/spring-core/5.1.0.RELEASE/spring-core-5.1.0.RELEASE.jar:/home/spavlovic/.m2/repository/org/springframework/spring-jcl/5.1.0.RELEASE/spring-jcl-5.1.0.RELEASE.jar:/home/spavlovic/.m2/repository/org/springframework/spring-expression/5.1.0.RELEASE/spring-expression-5.1.0.RELEASE.jar:/home/spavlovic/.m2/repository/org/aspectj/aspectjweaver/1.9.1/aspectjweaver-1.9.1.jar:/home/spavlovic/.m2/repository/org/slf4j/slf4j-api/1.7.25/slf4j-api-1.7.25.jar:/home/spavlovic/.m2/repository/org/seleniumhq/selenium/selenium-java/3.141.59/selenium-java-3.141.59.jar:/home/spavlovic/.m2/repository/org/seleniumhq/selenium/selenium-chrome-driver/3.141.59/selenium-chrome-driver-3.141.59.jar:/home/spavlovic/.m2/repository/org/seleniumhq/selenium/selenium-edge-driver/3.141.59/selenium-edge-driver-3.141.59.jar:/home/spavlovic/.m2/repository/org/seleniumhq/selenium/selenium-firefox-driver/3.141.59/selenium-firefox-driver-3.141.59.jar:/home/spavlovic/.m2/repository/org/seleniumhq/selenium/selenium-ie-driver/3.141.59/selenium-ie-driver-3.141.59.jar:/home/spavlovic/.m2/repository/org/seleniumhq/selenium/selenium-opera-driver/3.141.59/selenium-opera-driver-3.141.59.jar:/home/spavlovic/.m2/repository/org/seleniumhq/selenium/selenium-remote-driver/3.141.59/selenium-remote-driver-3.141.59.jar:/home/spavlovic/.m2/repository/org/seleniumhq/selenium/selenium-safari-driver/3.141.59/selenium-safari-driver-3.141.59.jar:/home/spavlovic/.m2/repository/net/bytebuddy/byte-buddy/1.8.15/byte-buddy-1.8.15.jar:/home/spavlovic/.m2/repository/org/apache/commons/commons-exec/1.3/commons-exec-1.3.jar:/home/spavlovic/.m2/repository/com/google/guava/guava/25.0-jre/guava-25.0-jre.jar:/home/spavlovic/.m2/repository/com/google/code/findbugs/jsr305/1.3.9/jsr305-1.3.9.jar:/home/spavlovic/.m2/repository/org/checkerframework/checker-compat-qual/2.0.0/checker-compat-qual-2.0.0.jar:/home/spavlovic/.m2/repository/com/google/errorprone/error_prone_annotations/2.1.3/error_prone_annotations-2.1.3.jar:/home/spavlovic/.m2/repository/com/google/j2objc/j2objc-annotations/1.1/j2objc-annotations-1.1.jar:/home/spavlovic/.m2/repository/org/codehaus/mojo/animal-sniffer-annotations/1.14/animal-sniffer-annotations-1.14.jar:/home/spavlovic/.m2/repository/com/squareup/okhttp3/okhttp/3.11.0/okhttp-3.11.0.jar:/home/spavlovic/.m2/repository/com/squareup/okio/okio/1.14.0/okio-1.14.0.jar:/home/spavlovic/.m2/repository/junit/junit/4.12/junit-4.12.jar:/home/spavlovic/.m2/repository/org/hamcrest/hamcrest-core/1.3/hamcrest-core-1.3.jar:"/>
    <property name="java.vm.vendor" value="Oracle Corporation"/>
    <property name="sun.arch.data.model" value="64"/>
    <property name="java.vendor.url" value="http://java.oracle.com/"/>
    <property name="user.timezone" value=""/>
    <property name="java.vm.specification.version" value="1.8"/>
    <property name="os.name" value="Linux"/>
    <property name="user.country" value="US"/>
    <property name="sun.java.launcher" value="SUN_STANDARD"/>
    <property name="sun.boot.library.path" value="/home/spavlovic/.sdkman/candidates/java/8.0.191-oracle/jre/lib/amd64"/>
    <property name="sun.java.command" value="/home/spavlovic/AppiumProjects/youtubeautomation/target/surefire/surefirebooter3016219061078421016.jar /home/spavlovic/AppiumProjects/youtubeautomation/target/surefire 2019-01-27T01-12-32_534-jvmRun1 surefire7620175906481919924tmp surefire_08770131145409545834tmp"/>
    <property name="surefire.test.class.path" value="/home/spavlovic/AppiumProjects/youtubeautomation/target/test-classes:/home/spavlovic/AppiumProjects/youtubeautomation/target/classes:/home/spavlovic/.m2/repository/org/testng/testng/7.0.0-beta3/testng-7.0.0-beta3.jar:/home/spavlovic/.m2/repository/com/beust/jcommander/1.72/jcommander-1.72.jar:/home/spavlovic/.m2/repository/io/appium/java-client/7.0.0/java-client-7.0.0.jar:/home/spavlovic/.m2/repository/org/seleniumhq/selenium/selenium-support/3.141.59/selenium-support-3.141.59.jar:/home/spavlovic/.m2/repository/org/seleniumhq/selenium/selenium-api/3.141.59/selenium-api-3.141.59.jar:/home/spavlovic/.m2/repository/com/google/code/gson/gson/2.8.5/gson-2.8.5.jar:/home/spavlovic/.m2/repository/org/apache/httpcomponents/httpclient/4.5.6/httpclient-4.5.6.jar:/home/spavlovic/.m2/repository/org/apache/httpcomponents/httpcore/4.4.10/httpcore-4.4.10.jar:/home/spavlovic/.m2/repository/commons-logging/commons-logging/1.2/commons-logging-1.2.jar:/home/spavlovic/.m2/repository/commons-codec/commons-codec/1.10/commons-codec-1.10.jar:/home/spavlovic/.m2/repository/cglib/cglib/3.2.8/cglib-3.2.8.jar:/home/spavlovic/.m2/repository/org/ow2/asm/asm/6.2.1/asm-6.2.1.jar:/home/spavlovic/.m2/repository/org/apache/ant/ant/1.10.3/ant-1.10.3.jar:/home/spavlovic/.m2/repository/org/apache/ant/ant-launcher/1.10.3/ant-launcher-1.10.3.jar:/home/spavlovic/.m2/repository/commons-validator/commons-validator/1.6/commons-validator-1.6.jar:/home/spavlovic/.m2/repository/commons-beanutils/commons-beanutils/1.9.2/commons-beanutils-1.9.2.jar:/home/spavlovic/.m2/repository/commons-digester/commons-digester/1.8.1/commons-digester-1.8.1.jar:/home/spavlovic/.m2/repository/commons-collections/commons-collections/3.2.2/commons-collections-3.2.2.jar:/home/spavlovic/.m2/repository/org/apache/commons/commons-lang3/3.8/commons-lang3-3.8.jar:/home/spavlovic/.m2/repository/commons-io/commons-io/2.6/commons-io-2.6.jar:/home/spavlovic/.m2/repository/org/springframework/spring-context/5.1.0.RELEASE/spring-context-5.1.0.RELEASE.jar:/home/spavlovic/.m2/repository/org/springframework/spring-aop/5.1.0.RELEASE/spring-aop-5.1.0.RELEASE.jar:/home/spavlovic/.m2/repository/org/springframework/spring-beans/5.1.0.RELEASE/spring-beans-5.1.0.RELEASE.jar:/home/spavlovic/.m2/repository/org/springframework/spring-core/5.1.0.RELEASE/spring-core-5.1.0.RELEASE.jar:/home/spavlovic/.m2/repository/org/springframework/spring-jcl/5.1.0.RELEASE/spring-jcl-5.1.0.RELEASE.jar:/home/spavlovic/.m2/repository/org/springframework/spring-expression/5.1.0.RELEASE/spring-expression-5.1.0.RELEASE.jar:/home/spavlovic/.m2/repository/org/aspectj/aspectjweaver/1.9.1/aspectjweaver-1.9.1.jar:/home/spavlovic/.m2/repository/org/slf4j/slf4j-api/1.7.25/slf4j-api-1.7.25.jar:/home/spavlovic/.m2/repository/org/seleniumhq/selenium/selenium-java/3.141.59/selenium-java-3.141.59.jar:/home/spavlovic/.m2/repository/org/seleniumhq/selenium/selenium-chrome-driver/3.141.59/selenium-chrome-driver-3.141.59.jar:/home/spavlovic/.m2/repository/org/seleniumhq/selenium/selenium-edge-driver/3.141.59/selenium-edge-driver-3.141.59.jar:/home/spavlovic/.m2/repository/org/seleniumhq/selenium/selenium-firefox-driver/3.141.59/selenium-firefox-driver-3.141.59.jar:/home/spavlovic/.m2/repository/org/seleniumhq/selenium/selenium-ie-driver/3.141.59/selenium-ie-driver-3.141.59.jar:/home/spavlovic/.m2/repository/org/seleniumhq/selenium/selenium-opera-driver/3.141.59/selenium-opera-driver-3.141.59.jar:/home/spavlovic/.m2/repository/org/seleniumhq/selenium/selenium-remote-driver/3.141.59/selenium-remote-driver-3.141.59.jar:/home/spavlovic/.m2/repository/org/seleniumhq/selenium/selenium-safari-driver/3.141.59/selenium-safari-driver-3.141.59.jar:/home/spavlovic/.m2/repository/net/bytebuddy/byte-buddy/1.8.15/byte-buddy-1.8.15.jar:/home/spavlovic/.m2/repository/org/apache/commons/commons-exec/1.3/commons-exec-1.3.jar:/home/spavlovic/.m2/repository/com/google/guava/guava/25.0-jre/guava-25.0-jre.jar:/home/spavlovic/.m2/repository/com/google/code/findbugs/jsr305/1.3.9/jsr305-1.3.9.jar:/home/spavlovic/.m2/repository/org/checkerframework/checker-compat-qual/2.0.0/checker-compat-qual-2.0.0.jar:/home/spavlovic/.m2/repository/com/google/errorprone/error_prone_annotations/2.1.3/error_prone_annotations-2.1.3.jar:/home/spavlovic/.m2/repository/com/google/j2objc/j2objc-annotations/1.1/j2objc-annotations-1.1.jar:/home/spavlovic/.m2/repository/org/codehaus/mojo/animal-sniffer-annotations/1.14/animal-sniffer-annotations-1.14.jar:/home/spavlovic/.m2/repository/com/squareup/okhttp3/okhttp/3.11.0/okhttp-3.11.0.jar:/home/spavlovic/.m2/repository/com/squareup/okio/okio/1.14.0/okio-1.14.0.jar:/home/spavlovic/.m2/repository/junit/junit/4.12/junit-4.12.jar:/home/spavlovic/.m2/repository/org/hamcrest/hamcrest-core/1.3/hamcrest-core-1.3.jar:"/>
    <property name="sun.cpu.endian" value="little"/>
    <property name="user.home" value="/home/spavlovic"/>
    <property name="user.language" value="en"/>
    <property name="java.specification.vendor" value="Oracle Corporation"/>
    <property name="java.home" value="/home/spavlovic/.sdkman/candidates/java/8.0.191-oracle/jre"/>
    <property name="basedir" value="/home/spavlovic/AppiumProjects/youtubeautomation"/>
    <property name="file.separator" value="/"/>
    <property name="line.separator" value="&#10;"/>
    <property name="java.vm.specification.vendor" value="Oracle Corporation"/>
    <property name="java.specification.name" value="Java Platform API Specification"/>
    <property name="java.awt.graphicsenv" value="sun.awt.X11GraphicsEnvironment"/>
    <property name="surefire.real.class.path" value="/home/spavlovic/AppiumProjects/youtubeautomation/target/surefire/surefirebooter3016219061078421016.jar"/>
    <property name="sun.boot.class.path" value="/home/spavlovic/.sdkman/candidates/java/8.0.191-oracle/jre/lib/resources.jar:/home/spavlovic/.sdkman/candidates/java/8.0.191-oracle/jre/lib/rt.jar:/home/spavlovic/.sdkman/candidates/java/8.0.191-oracle/jre/lib/sunrsasign.jar:/home/spavlovic/.sdkman/candidates/java/8.0.191-oracle/jre/lib/jsse.jar:/home/spavlovic/.sdkman/candidates/java/8.0.191-oracle/jre/lib/jce.jar:/home/spavlovic/.sdkman/candidates/java/8.0.191-oracle/jre/lib/charsets.jar:/home/spavlovic/.sdkman/candidates/java/8.0.191-oracle/jre/lib/jfr.jar:/home/spavlovic/.sdkman/candidates/java/8.0.191-oracle/jre/classes"/>
    <property name="sun.management.compiler" value="HotSpot 64-Bit Tiered Compilers"/>
    <property name="java.runtime.version" value="1.8.0_191-b12"/>
    <property name="user.name" value="spavlovic"/>
    <property name="path.separator" value=":"/>
    <property name="os.version" value="4.19.5-200.fc28.x86_64"/>
    <property name="java.endorsed.dirs" value="/home/spavlovic/.sdkman/candidates/java/8.0.191-oracle/jre/lib/endorsed"/>
    <property name="java.runtime.name" value="Java(TM) SE Runtime Environment"/>
    <property name="file.encoding" value="UTF-8"/>
    <property name="java.vm.name" value="Java HotSpot(TM) 64-Bit Server VM"/>
    <property name="localRepository" value="/home/spavlovic/.m2/repository"/>
    <property name="java.vendor.url.bug" value="http://bugreport.sun.com/bugreport/"/>
    <property name="java.io.tmpdir" value="/tmp"/>
    <property name="java.version" value="1.8.0_191"/>
    <property name="user.dir" value="/home/spavlovic/AppiumProjects/youtubeautomation"/>
    <property name="os.arch" value="amd64"/>
    <property name="java.vm.specification.name" value="Java Virtual Machine Specification"/>
    <property name="java.awt.printerjob" value="sun.print.PSPrinterJob"/>
    <property name="sun.os.patch.level" value="unknown"/>
    <property name="java.library.path" value="/usr/java/packages/lib/amd64:/usr/lib64:/lib64:/lib:/usr/lib"/>
    <property name="java.vm.info" value="mixed mode"/>
    <property name="java.vendor" value="Oracle Corporation"/>
    <property name="java.vm.version" value="25.191-b12"/>
    <property name="java.ext.dirs" value="/home/spavlovic/.sdkman/candidates/java/8.0.191-oracle/jre/lib/ext:/usr/java/packages/lib/ext"/>
    <property name="sun.io.unicode.encoding" value="UnicodeLittle"/>
    <property name="java.class.version" value="52.0"/>
  </properties>
  <testcase name="test" classname="Main" time="43.443"/>
</testsuite>