<?xml version="1.0" encoding="UTF-8"?>
<!-- Generated by org.testng.reporters.JUnitReportReporter -->
<testsuite skipped="0" hostname="spavlovic" name="Main" tests="1" failures="0" timestamp="2019-01-27T01:13:36 CET" time="43.440" errors="0">
  <testcase name="test" time="43.440" classname="Main"/>
</testsuite> <!-- Main -->
